<?xml version="1.0" encoding="UTF-8"?>
<!-- Generated by org.testng.reporters.JUnitReportReporter -->
<testsuite hostname="Khurram-PC" failures="0" tests="3" name="Training.E2Eeclipse.HomePage" time="20.044" errors="0" timestamp="2020-08-05T00:28:16 MST" skipped="0">
  <testcase classname="Training.E2Eeclipse.HomePage" name="basePageLanding" time="2.972"/>
  <system-out/>
  <testcase classname="Training.E2Eeclipse.HomePage" name="basePageLanding" time="14.230"/>
  <system-out/>
  <testcase classname="Training.E2Eeclipse.HomePage" name="basePageLanding" time="2.842"/>
  <system-out/>
</testsuite> <!-- Training.E2Eeclipse.HomePage -->
