<?xml version="1.0" encoding="UTF-8"?>
<!-- Generated by org.testng.reporters.JUnitReportReporter -->
<testsuite hostname="Khurram-PC" failures="0" tests="3" name="Training.E2Eeclipse.HomePage" time="20.671" errors="0" timestamp="2020-08-04T03:22:29 MST" skipped="0">
  <testcase classname="Training.E2Eeclipse.HomePage" name="basePageLanding" time="3.808"/>
  <system-out/>
  <testcase classname="Training.E2Eeclipse.HomePage" name="basePageLanding" time="13.125"/>
  <system-out/>
  <testcase classname="Training.E2Eeclipse.HomePage" name="basePageLanding" time="3.738"/>
  <system-out/>
</testsuite> <!-- Training.E2Eeclipse.HomePage -->
